<?xml version="1.0" encoding="UTF-8"?>
<!-- Generated by org.testng.reporters.JUnitReportReporter -->
<testsuite hostname="Arif-PC" failures="0" tests="3" name="ArifAcdemy.tests.SubmitOrderTest" time="92.994" errors="0" timestamp="2023-03-22T01:19:09 IST" skipped="0">
  <testcase classname="ArifAcdemy.tests.SubmitOrderTest" name="SubmitOrder" time="34.076"/>
  <system-out/>
  <testcase classname="ArifAcdemy.tests.SubmitOrderTest" name="orderHstory" time="24.882"/>
  <system-out/>
  <testcase classname="ArifAcdemy.tests.SubmitOrderTest" name="SubmitOrder" time="34.036"/>
  <system-out/>
</testsuite> <!-- ArifAcdemy.tests.SubmitOrderTest -->
