<?xml version="1.0" encoding="UTF-8"?>
<!-- Generated by org.testng.reporters.JUnitReportReporter -->
<testsuite skipped="0" hostname="Arif-PC" name="ArifAcdemy.tests.SubmitOrderTest" tests="3" failures="0" timestamp="24 Mar 2023 06:24:08 GMT" time="132.871" errors="0">
  <testcase name="orderHstory" time="79.969" classname="ArifAcdemy.tests.SubmitOrderTest"/>
  <testcase name="SubmitOrder" time="24.750" classname="ArifAcdemy.tests.SubmitOrderTest"/>
  <testcase name="SubmitOrder" time="28.152" classname="ArifAcdemy.tests.SubmitOrderTest"/>
</testsuite> <!-- ArifAcdemy.tests.SubmitOrderTest -->
