<?xml version="1.0" encoding="UTF-8"?>
<!-- Generated by org.testng.reporters.JUnitReportReporter -->
<testsuite skipped="0" hostname="Arif-PC" name="cucumber.TestNGTestRunner" tests="1" failures="0" timestamp="22 Mar 2023 20:16:05 GMT" time="81.286" errors="0">
  <testcase name="runScenario" time="81.286" classname="cucumber.TestNGTestRunner"/>
</testsuite> <!-- cucumber.TestNGTestRunner -->
